Using pre-set license
Built from 'trunk' branch; Version is '2020.2.0a18 (4f8709444da6) revision 5211913'; Using compiler version '192528614'; Build Type 'Release'
OS: 'Windows 10  (10.0.0) 64bit' Language: 'en' Physical Memory: 8074 MB
BatchMode: 1, IsHumanControllingUs: 0, StartBugReporterOnCrash: 0, Is64bit: 1, IsPro: 0

 COMMAND LINE ARGUMENTS:
C:\Program Files\Unity\Hub\Editor\2020.2.0a18\Editor\Unity.exe
-adb2
-batchMode
-noUpm
-name
AssetImportWorker0
-projectPath
C:/Users/alkaitagi/Projects/Sharp
-logFile
Logs/AssetImportWorker0.log
-srvPort
56249
Successfully changed project path to: C:/Users/alkaitagi/Projects/Sharp
C:/Users/alkaitagi/Projects/Sharp
Using Asset Import Pipeline V2.
Refreshing native plugins compatible for Editor in 28.85 ms, found 0 plugins.
Preloading 0 native plugins for Editor in 0.00 ms.
Initialize engine version: 2020.2.0a18 (4f8709444da6)
[Subsystems] Discovering subsystems at path C:/Program Files/Unity/Hub/Editor/2020.2.0a18/Editor/Data/Resources/UnitySubsystems
[Subsystems] Discovering subsystems at path C:/Users/alkaitagi/Projects/Sharp/Assets
GfxDevice: creating device client; threaded=0
Direct3D:
    Version:  Direct3D 11.0 [level 11.0]
    Renderer: NVIDIA GeForce MX130 (ID=0x174d)
    Vendor:   
    VRAM:     2010 MB
    Driver:   27.21.14.5012
Shader 'Universal Render Pipeline/Particles/Lit': fallback shader 'Universal Render Pipeline/Particles/SimpleLit' not found
Initialize mono
Mono path[0] = 'C:/Program Files/Unity/Hub/Editor/2020.2.0a18/Editor/Data/Managed'
Mono path[1] = 'C:/Program Files/Unity/Hub/Editor/2020.2.0a18/Editor/Data/MonoBleedingEdge/lib/mono/unityjit'
Mono config path = 'C:/Program Files/Unity/Hub/Editor/2020.2.0a18/Editor/Data/MonoBleedingEdge/etc'
Using monoOptions --debugger-agent=transport=dt_socket,embedding=1,server=y,suspend=n,address=127.0.0.1:56740
Begin MonoManager ReloadAssembly
Registering precompiled unity dll's ...
Register platform support module: C:/Program Files/Unity/Hub/Editor/2020.2.0a18/Editor/Data/PlaybackEngines/WindowsStandaloneSupport/UnityEditor.WindowsStandalone.Extensions.dll
Registered in 0.002020 seconds.
Native extension for WindowsStandalone target not found
Refreshing native plugins compatible for Editor in 24.38 ms, found 0 plugins.
Preloading 0 native plugins for Editor in 0.00 ms.
Invoked RoslynAnalysisRunner static constructor.
RoslynAnalysisRunner will not be running.
RoslynAnalysisRunner has terminated.
Mono: successfully reloaded assembly
- Completed reload, in  1.177 seconds
Registering precompiled user dll's ...
Registered in 0.070760 seconds.
Platform modules already initialized, skipping
Begin MonoManager ReloadAssembly
Native extension for WindowsStandalone target not found
Refreshing native plugins compatible for Editor in 27.59 ms, found 0 plugins.
Preloading 0 native plugins for Editor in 0.00 ms.
Invalid AssetDatabase path: /Editor/EditorResources/cm_logo_sm.png. Use path relative to the project folder.
UnityEngine.StackTraceUtility:ExtractStackTrace ()
UnityEditor.AssetDatabase:LoadAssetAtPath<UnityEngine.Texture2D> (string)
Cinemachine.Editor.CinemachineSettings:get_CinemachineLogoTexture () (at Library/PackageCache/com.unity.cinemachine@2.6.0/Editor/Windows/CinemachineSettings.cs:205)
Cinemachine.Editor.CinemachineSettings:.cctor () (at Library/PackageCache/com.unity.cinemachine@2.6.0/Editor/Windows/CinemachineSettings.cs:237)
Cinemachine.CinemachineColliderPrefs:.cctor () (at Library/PackageCache/com.unity.cinemachine@2.6.0/Editor/Windows/CinemachineColliderPrefs.cs:61)
System.Runtime.CompilerServices.RuntimeHelpers:RunClassConstructor (System.RuntimeTypeHandle)
UnityEditor.EditorAssemblies:ProcessInitializeOnLoadAttributes (System.Type[])

[Library/PackageCache/com.unity.cinemachine@2.6.0/Editor/Windows/CinemachineSettings.cs line 205]

Invoked RoslynAnalysisRunner static constructor.
RoslynAnalysisRunner will not be running.
RoslynAnalysisRunner has terminated.
Mono: successfully reloaded assembly
- Completed reload, in  0.800 seconds
Platform modules already initialized, skipping
========================================================================
Worker process is ready to serve import requests
Shader 'Universal Render Pipeline/Particles/Lit': fallback shader 'Universal Render Pipeline/Particles/SimpleLit' not found
Launched and connected shader compiler UnityShaderCompiler.exe after 0.03 seconds
Refreshing native plugins compatible for Editor in 0.39 ms, found 0 plugins.
Preloading 0 native plugins for Editor in 0.00 ms.
Unloading 1832 Unused Serialized files (Serialized files now loaded: 0)
System memory in use before: 87.5 MB.
System memory in use after: 87.6 MB.

Unloading 9 unused Assets to reduce memory usage. Loaded Objects now: 2267.
Total: 2.540900 ms (FindLiveObjects: 0.640800 ms CreateObjectMapping: 0.165700 ms MarkObjects: 1.707900 ms  DeleteObjects: 0.025900 ms)

========================================================================
Received Import Request.
  path: Packages/com.alkaitagi.sharpcore/package.json
  artifactKey: Guid(bb70ec5217a6cd24b9b041a1eb2607b3) Importer(815301076,1909f56bfc062723c751e8b465ee728b)
Start importing Packages/com.alkaitagi.sharpcore/package.json using Guid(bb70ec5217a6cd24b9b041a1eb2607b3) Importer(815301076,1909f56bfc062723c751e8b465ee728b)  -> (artifact id: '3ce5fd6cda4cb24b6c4af1ec47e4ed4c') in 0.054679 seconds
  Import took 0.058207 seconds .

========================================================================
Received Import Request.
  Time since last request: 20.799280 seconds.
  path: Packages/com.alkaitagi.sharpcore/Runtime/Events.cs
  artifactKey: Guid(c19fab0958817c245895916bd6aaf420) Importer(815301076,1909f56bfc062723c751e8b465ee728b)
Start importing Packages/com.alkaitagi.sharpcore/Runtime/Events.cs using Guid(c19fab0958817c245895916bd6aaf420) Importer(815301076,1909f56bfc062723c751e8b465ee728b)  -> (artifact id: '8b7529b14584e02cc722c25c7c55e68c') in 0.019568 seconds
  Import took 0.024288 seconds .

========================================================================
Received Import Request.
  Time since last request: 0.508242 seconds.
  path: Packages/com.alkaitagi.sharpcore/Runtime/Loaders
  artifactKey: Guid(245dff4a50b74834790b7efab18d2185) Importer(815301076,1909f56bfc062723c751e8b465ee728b)
Start importing Packages/com.alkaitagi.sharpcore/Runtime/Loaders using Guid(245dff4a50b74834790b7efab18d2185) Importer(815301076,1909f56bfc062723c751e8b465ee728b)  -> (artifact id: '58b7c30a4b9b720be366447adb2b4a63') in 0.010702 seconds
  Import took 0.016070 seconds .

========================================================================
Received Import Request.
  Time since last request: 2.093802 seconds.
  path: Assets/Scripts
  artifactKey: Guid(ddea9a9817860df4aa5964543be3ee91) Importer(815301076,1909f56bfc062723c751e8b465ee728b)
Start importing Assets/Scripts using Guid(ddea9a9817860df4aa5964543be3ee91) Importer(815301076,1909f56bfc062723c751e8b465ee728b)  -> (artifact id: '749e6a20c33de3adddd69c5b120cd1d3') in 0.010429 seconds
  Import took 0.015801 seconds .

========================================================================
Received Import Request.
  Time since last request: 0.001888 seconds.
  path: Assets/Scripts
  artifactKey: Guid(ddea9a9817860df4aa5964543be3ee91) Importer(815301076,1909f56bfc062723c751e8b465ee728b)
Start importing Assets/Scripts using Guid(ddea9a9817860df4aa5964543be3ee91) Importer(815301076,1909f56bfc062723c751e8b465ee728b)  -> (artifact id: '749e6a20c33de3adddd69c5b120cd1d3') in 0.003450 seconds
  Import took 0.008911 seconds .

========================================================================
Received Prepare
Reloading mono domain
Begin MonoManager ReloadAssembly
Registering precompiled unity dll's ...
Register platform support module: C:/Program Files/Unity/Hub/Editor/2020.2.0a18/Editor/Data/PlaybackEngines/WindowsStandaloneSupport/UnityEditor.WindowsStandalone.Extensions.dll
Registered in 0.001855 seconds.
Native extension for WindowsStandalone target not found
Refreshing native plugins compatible for Editor in 39.33 ms, found 0 plugins.
Preloading 0 native plugins for Editor in 0.00 ms.
Invoked RoslynAnalysisRunner static constructor.
RoslynAnalysisRunner will not be running.
RoslynAnalysisRunner has terminated.
Mono: successfully reloaded assembly
- Completed reload, in  1.220 seconds
Registering precompiled user dll's ...
Registered in 0.181708 seconds.
Platform modules already initialized, skipping
Begin MonoManager ReloadAssembly
Native extension for WindowsStandalone target not found
Refreshing native plugins compatible for Editor in 0.34 ms, found 0 plugins.
Preloading 0 native plugins for Editor in 0.00 ms.
Invoked RoslynAnalysisRunner static constructor.
RoslynAnalysisRunner will not be running.
RoslynAnalysisRunner has terminated.
Mono: successfully reloaded assembly
- Completed reload, in  1.094 seconds
Platform modules already initialized, skipping
Shader 'Universal Render Pipeline/Particles/Lit': fallback shader 'Universal Render Pipeline/Particles/SimpleLit' not found
Refreshing native plugins compatible for Editor in 0.37 ms, found 0 plugins.
Preloading 0 native plugins for Editor in 0.00 ms.
Unloading 13 Unused Serialized files (Serialized files now loaded: 0)
System memory in use before: 48.7 MB.
System memory in use after: 48.8 MB.

Unloading 10 unused Assets to reduce memory usage. Loaded Objects now: 2268.
Total: 2.343300 ms (FindLiveObjects: 0.482400 ms CreateObjectMapping: 0.124700 ms MarkObjects: 1.708500 ms  DeleteObjects: 0.026600 ms)

AssetImportWorkerClient::OnTransportError - code=2 error=End of file
