
=== Tue Jul 14 12:33:35 2020

Packages were changed.
Update Mode: updateDependencies

The following packages were added:
  com.unity.2d.sprite@1.0.0
  com.unity.2d.tilemap@1.0.0
  com.unity.collab-proxy@1.3.8
  com.unity.ide.rider@2.0.5
  com.unity.ide.visualstudio@2.0.2
  com.unity.ide.vscode@1.2.1
  com.unity.modules.androidjni@1.0.0
  com.unity.modules.director@1.0.0
  com.unity.modules.video@1.0.0
  com.unity.test-framework@1.1.14
  com.unity.timeline@1.2.6
  com.unity.ugui@1.0.0
  com.unity.xr.legacyinputhelpers@2.1.4
The following packages were updated:
  com.unity.postprocessing from version 2.0.17-preview to 2.3.0
The following packages were removed:
  com.unity.package-manager-ui@1.9.11
